<?xml version="1.0" encoding="UTF-8"?>
<testng-results skipped="0" failed="0" ignored="0" total="1" passed="1">
  <reporter-output>
  </reporter-output>
  <suite name="TestHelloWorld" duration-ms="46" started-at="2018-12-01T07:25:22Z" finished-at="2018-12-01T07:25:22Z">
    <groups>
    </groups>
    <test name="Command line test" duration-ms="46" started-at="2018-12-01T07:25:22Z" finished-at="2018-12-01T07:25:22Z">
      <class name="TestHelloWorld">
        <test-method status="PASS" signature="testEmailGenerator()[pri:0, instance:TestHelloWorld@2f7c7260]" name="testEmailGenerator" duration-ms="16" started-at="2018-12-01T07:25:22Z" finished-at="2018-12-01T07:25:22Z">
          <reporter-output>
          </reporter-output>
        </test-method> <!-- testEmailGenerator -->
      </class> <!-- TestHelloWorld -->
    </test> <!-- Command line test -->
  </suite> <!-- TestHelloWorld -->
</testng-results>
